[2025-09-13 12:41:08] ALERT - Agent: programming, Type: service_down, Level: critical, Message: Service networking is not active, ID: programming_service_down_1757745668
[2025-09-13 12:41:09] ALERT - Agent: bestpractices, Type: service_down, Level: critical, Message: Service networking is not active, ID: bestpractices_service_down_1757745669
[2025-09-13 12:41:10] ALERT - Agent: verifier, Type: service_down, Level: critical, Message: Service networking is not active, ID: verifier_service_down_1757745670
[2025-09-13 12:41:11] ALERT - Agent: conversational, Type: service_down, Level: critical, Message: Service networking is not active, ID: conversational_service_down_1757745671
[2025-09-13 12:41:12] ALERT - Agent: ops, Type: service_down, Level: critical, Message: Service networking is not active, ID: ops_service_down_1757745672
[2025-09-13 12:41:23] ALERT - Agent: programming, Type: service_down, Level: critical, Message: Service networking is not active, ID: programming_service_down_1757745683
[2025-09-13 12:41:24] ALERT - Agent: bestpractices, Type: service_down, Level: critical, Message: Service networking is not active, ID: bestpractices_service_down_1757745684
[2025-09-13 12:41:26] ALERT - Agent: verifier, Type: service_down, Level: critical, Message: Service networking is not active, ID: verifier_service_down_1757745685
[2025-09-13 12:41:27] ALERT - Agent: conversational, Type: service_down, Level: critical, Message: Service networking is not active, ID: conversational_service_down_1757745687
[2025-09-13 12:41:28] ALERT - Agent: ops, Type: service_down, Level: critical, Message: Service networking is not active, ID: ops_service_down_1757745688
[2025-09-13 12:41:39] ALERT - Agent: programming, Type: service_down, Level: critical, Message: Service networking is not active, ID: programming_service_down_1757745699
[2025-09-13 12:41:40] ALERT - Agent: bestpractices, Type: service_down, Level: critical, Message: Service networking is not active, ID: bestpractices_service_down_1757745700
[2025-09-13 12:41:41] ALERT - Agent: verifier, Type: service_down, Level: critical, Message: Service networking is not active, ID: verifier_service_down_1757745701
[2025-09-13 12:41:42] ALERT - Agent: conversational, Type: service_down, Level: critical, Message: Service networking is not active, ID: conversational_service_down_1757745702
[2025-09-13 12:41:43] ALERT - Agent: ops, Type: service_down, Level: critical, Message: Service networking is not active, ID: ops_service_down_1757745703
[2025-09-13 12:41:54] ALERT - Agent: programming, Type: service_down, Level: critical, Message: Service networking is not active, ID: programming_service_down_1757745714
[2025-09-13 12:41:55] ALERT - Agent: bestpractices, Type: service_down, Level: critical, Message: Service networking is not active, ID: bestpractices_service_down_1757745715
[2025-09-13 12:41:57] ALERT - Agent: verifier, Type: service_down, Level: critical, Message: Service networking is not active, ID: verifier_service_down_1757745717
[2025-09-13 12:41:58] ALERT - Agent: conversational, Type: service_down, Level: critical, Message: Service networking is not active, ID: conversational_service_down_1757745718
[2025-09-13 12:41:59] ALERT - Agent: ops, Type: service_down, Level: critical, Message: Service networking is not active, ID: ops_service_down_1757745719
[2025-09-13 12:42:10] ALERT - Agent: programming, Type: service_down, Level: critical, Message: Service networking is not active, ID: programming_service_down_1757745730
[2025-09-13 12:42:11] ALERT - Agent: bestpractices, Type: service_down, Level: critical, Message: Service networking is not active, ID: bestpractices_service_down_1757745731
[2025-09-13 12:42:12] ALERT - Agent: verifier, Type: service_down, Level: critical, Message: Service networking is not active, ID: verifier_service_down_1757745732
[2025-09-13 12:42:13] ALERT - Agent: conversational, Type: service_down, Level: critical, Message: Service networking is not active, ID: conversational_service_down_1757745733
[2025-09-13 12:42:14] ALERT - Agent: ops, Type: service_down, Level: critical, Message: Service networking is not active, ID: ops_service_down_1757745734
[2025-09-13 12:42:25] ALERT - Agent: programming, Type: service_down, Level: critical, Message: Service networking is not active, ID: programming_service_down_1757745745
[2025-09-13 12:42:26] ALERT - Agent: bestpractices, Type: service_down, Level: critical, Message: Service networking is not active, ID: bestpractices_service_down_1757745746
[2025-09-13 12:42:27] ALERT - Agent: verifier, Type: service_down, Level: critical, Message: Service networking is not active, ID: verifier_service_down_1757745747
[2025-09-13 12:42:28] ALERT - Agent: conversational, Type: service_down, Level: critical, Message: Service networking is not active, ID: conversational_service_down_1757745748
[2025-09-13 12:42:29] ALERT - Agent: ops, Type: service_down, Level: critical, Message: Service networking is not active, ID: ops_service_down_1757745749
[2025-09-13 12:42:41] ALERT - Agent: programming, Type: service_down, Level: critical, Message: Service networking is not active, ID: programming_service_down_1757745761
[2025-09-13 12:42:42] ALERT - Agent: bestpractices, Type: service_down, Level: critical, Message: Service networking is not active, ID: bestpractices_service_down_1757745762
[2025-09-13 12:42:43] ALERT - Agent: verifier, Type: service_down, Level: critical, Message: Service networking is not active, ID: verifier_service_down_1757745763
[2025-09-13 12:42:44] ALERT - Agent: conversational, Type: service_down, Level: critical, Message: Service networking is not active, ID: conversational_service_down_1757745764
[2025-09-13 12:42:45] ALERT - Agent: ops, Type: service_down, Level: critical, Message: Service networking is not active, ID: ops_service_down_1757745765
[2025-09-13 12:42:56] ALERT - Agent: programming, Type: service_down, Level: critical, Message: Service networking is not active, ID: programming_service_down_1757745776
[2025-09-13 12:42:57] ALERT - Agent: bestpractices, Type: service_down, Level: critical, Message: Service networking is not active, ID: bestpractices_service_down_1757745777
[2025-09-13 12:42:58] ALERT - Agent: verifier, Type: service_down, Level: critical, Message: Service networking is not active, ID: verifier_service_down_1757745778
[2025-09-13 12:42:59] ALERT - Agent: conversational, Type: service_down, Level: critical, Message: Service networking is not active, ID: conversational_service_down_1757745779
[2025-09-13 12:43:00] ALERT - Agent: ops, Type: service_down, Level: critical, Message: Service networking is not active, ID: ops_service_down_1757745780
[2025-09-13 12:43:12] ALERT - Agent: programming, Type: service_down, Level: critical, Message: Service networking is not active, ID: programming_service_down_1757745792
[2025-09-13 12:43:13] ALERT - Agent: bestpractices, Type: service_down, Level: critical, Message: Service networking is not active, ID: bestpractices_service_down_1757745793
[2025-09-13 12:43:14] ALERT - Agent: verifier, Type: service_down, Level: critical, Message: Service networking is not active, ID: verifier_service_down_1757745794
[2025-09-13 12:43:15] ALERT - Agent: conversational, Type: service_down, Level: critical, Message: Service networking is not active, ID: conversational_service_down_1757745795
[2025-09-13 12:43:16] ALERT - Agent: ops, Type: service_down, Level: critical, Message: Service networking is not active, ID: ops_service_down_1757745796
[2025-09-13 12:43:27] ALERT - Agent: programming, Type: service_down, Level: critical, Message: Service networking is not active, ID: programming_service_down_1757745807
[2025-09-13 12:43:28] ALERT - Agent: bestpractices, Type: service_down, Level: critical, Message: Service networking is not active, ID: bestpractices_service_down_1757745808
[2025-09-13 12:43:29] ALERT - Agent: verifier, Type: service_down, Level: critical, Message: Service networking is not active, ID: verifier_service_down_1757745809
[2025-09-13 12:43:30] ALERT - Agent: conversational, Type: service_down, Level: critical, Message: Service networking is not active, ID: conversational_service_down_1757745810
[2025-09-13 12:43:32] ALERT - Agent: ops, Type: service_down, Level: critical, Message: Service networking is not active, ID: ops_service_down_1757745812
[2025-09-13 12:43:43] ALERT - Agent: programming, Type: service_down, Level: critical, Message: Service networking is not active, ID: programming_service_down_1757745823
[2025-09-13 12:43:44] ALERT - Agent: bestpractices, Type: service_down, Level: critical, Message: Service networking is not active, ID: bestpractices_service_down_1757745824
[2025-09-13 12:43:45] ALERT - Agent: verifier, Type: service_down, Level: critical, Message: Service networking is not active, ID: verifier_service_down_1757745825
[2025-09-13 12:43:46] ALERT - Agent: conversational, Type: service_down, Level: critical, Message: Service networking is not active, ID: conversational_service_down_1757745826
[2025-09-13 12:43:47] ALERT - Agent: ops, Type: service_down, Level: critical, Message: Service networking is not active, ID: ops_service_down_1757745827
[2025-09-13 12:43:58] ALERT - Agent: programming, Type: service_down, Level: critical, Message: Service networking is not active, ID: programming_service_down_1757745838
[2025-09-13 12:43:59] ALERT - Agent: bestpractices, Type: service_down, Level: critical, Message: Service networking is not active, ID: bestpractices_service_down_1757745839
[2025-09-13 12:44:00] ALERT - Agent: verifier, Type: service_down, Level: critical, Message: Service networking is not active, ID: verifier_service_down_1757745840
[2025-09-13 12:44:01] ALERT - Agent: conversational, Type: service_down, Level: critical, Message: Service networking is not active, ID: conversational_service_down_1757745841
[2025-09-13 12:44:02] ALERT - Agent: ops, Type: service_down, Level: critical, Message: Service networking is not active, ID: ops_service_down_1757745842
[2025-09-13 12:44:13] ALERT - Agent: programming, Type: service_down, Level: critical, Message: Service networking is not active, ID: programming_service_down_1757745853
[2025-09-13 12:44:15] ALERT - Agent: bestpractices, Type: service_down, Level: critical, Message: Service networking is not active, ID: bestpractices_service_down_1757745855
[2025-09-13 12:44:16] ALERT - Agent: verifier, Type: service_down, Level: critical, Message: Service networking is not active, ID: verifier_service_down_1757745856
[2025-09-13 12:44:17] ALERT - Agent: conversational, Type: service_down, Level: critical, Message: Service networking is not active, ID: conversational_service_down_1757745857
[2025-09-13 12:44:18] ALERT - Agent: ops, Type: service_down, Level: critical, Message: Service networking is not active, ID: ops_service_down_1757745858
[2025-09-13 12:44:29] ALERT - Agent: programming, Type: service_down, Level: critical, Message: Service networking is not active, ID: programming_service_down_1757745869
[2025-09-13 12:44:30] ALERT - Agent: bestpractices, Type: service_down, Level: critical, Message: Service networking is not active, ID: bestpractices_service_down_1757745870
[2025-09-13 12:44:31] ALERT - Agent: verifier, Type: service_down, Level: critical, Message: Service networking is not active, ID: verifier_service_down_1757745871
[2025-09-13 12:44:32] ALERT - Agent: conversational, Type: service_down, Level: critical, Message: Service networking is not active, ID: conversational_service_down_1757745872
[2025-09-13 12:44:33] ALERT - Agent: ops, Type: service_down, Level: critical, Message: Service networking is not active, ID: ops_service_down_1757745873
[2025-09-13 12:44:44] ALERT - Agent: programming, Type: service_down, Level: critical, Message: Service networking is not active, ID: programming_service_down_1757745884
[2025-09-13 12:44:45] ALERT - Agent: bestpractices, Type: service_down, Level: critical, Message: Service networking is not active, ID: bestpractices_service_down_1757745885
[2025-09-13 12:44:46] ALERT - Agent: verifier, Type: service_down, Level: critical, Message: Service networking is not active, ID: verifier_service_down_1757745886
[2025-09-13 12:44:47] ALERT - Agent: conversational, Type: service_down, Level: critical, Message: Service networking is not active, ID: conversational_service_down_1757745887
[2025-09-13 12:44:49] ALERT - Agent: ops, Type: service_down, Level: critical, Message: Service networking is not active, ID: ops_service_down_1757745889
[2025-09-13 12:45:00] ALERT - Agent: programming, Type: service_down, Level: critical, Message: Service networking is not active, ID: programming_service_down_1757745900
[2025-09-13 12:45:01] ALERT - Agent: bestpractices, Type: service_down, Level: critical, Message: Service networking is not active, ID: bestpractices_service_down_1757745901
[2025-09-13 12:45:02] ALERT - Agent: verifier, Type: service_down, Level: critical, Message: Service networking is not active, ID: verifier_service_down_1757745902
[2025-09-13 12:45:03] ALERT - Agent: conversational, Type: service_down, Level: critical, Message: Service networking is not active, ID: conversational_service_down_1757745903
[2025-09-13 12:45:04] ALERT - Agent: ops, Type: service_down, Level: critical, Message: Service networking is not active, ID: ops_service_down_1757745904
[2025-09-13 12:45:15] ALERT - Agent: programming, Type: service_down, Level: critical, Message: Service networking is not active, ID: programming_service_down_1757745915
[2025-09-13 12:45:16] ALERT - Agent: bestpractices, Type: service_down, Level: critical, Message: Service networking is not active, ID: bestpractices_service_down_1757745916
[2025-09-13 12:45:17] ALERT - Agent: verifier, Type: service_down, Level: critical, Message: Service networking is not active, ID: verifier_service_down_1757745917
[2025-09-13 12:45:18] ALERT - Agent: conversational, Type: service_down, Level: critical, Message: Service networking is not active, ID: conversational_service_down_1757745918
[2025-09-13 12:45:19] ALERT - Agent: ops, Type: service_down, Level: critical, Message: Service networking is not active, ID: ops_service_down_1757745919
[2025-09-13 12:45:30] ALERT - Agent: programming, Type: service_down, Level: critical, Message: Service networking is not active, ID: programming_service_down_1757745930
[2025-09-13 12:45:32] ALERT - Agent: bestpractices, Type: service_down, Level: critical, Message: Service networking is not active, ID: bestpractices_service_down_1757745932
[2025-09-13 12:45:33] ALERT - Agent: verifier, Type: service_down, Level: critical, Message: Service networking is not active, ID: verifier_service_down_1757745933
[2025-09-13 12:45:34] ALERT - Agent: conversational, Type: service_down, Level: critical, Message: Service networking is not active, ID: conversational_service_down_1757745934
[2025-09-13 12:45:35] ALERT - Agent: ops, Type: service_down, Level: critical, Message: Service networking is not active, ID: ops_service_down_1757745935
[2025-09-13 12:45:46] ALERT - Agent: programming, Type: service_down, Level: critical, Message: Service networking is not active, ID: programming_service_down_1757745946
[2025-09-13 12:45:47] ALERT - Agent: bestpractices, Type: service_down, Level: critical, Message: Service networking is not active, ID: bestpractices_service_down_1757745947
[2025-09-13 12:45:48] ALERT - Agent: verifier, Type: service_down, Level: critical, Message: Service networking is not active, ID: verifier_service_down_1757745948
[2025-09-13 12:45:49] ALERT - Agent: conversational, Type: service_down, Level: critical, Message: Service networking is not active, ID: conversational_service_down_1757745949
[2025-09-13 12:45:50] ALERT - Agent: ops, Type: service_down, Level: critical, Message: Service networking is not active, ID: ops_service_down_1757745950
[2025-09-13 12:46:01] ALERT - Agent: programming, Type: service_down, Level: critical, Message: Service networking is not active, ID: programming_service_down_1757745961
[2025-09-13 12:46:02] ALERT - Agent: bestpractices, Type: service_down, Level: critical, Message: Service networking is not active, ID: bestpractices_service_down_1757745962
[2025-09-13 12:46:03] ALERT - Agent: verifier, Type: service_down, Level: critical, Message: Service networking is not active, ID: verifier_service_down_1757745963
[2025-09-13 12:46:05] ALERT - Agent: conversational, Type: service_down, Level: critical, Message: Service networking is not active, ID: conversational_service_down_1757745965
[2025-09-13 12:46:06] ALERT - Agent: ops, Type: service_down, Level: critical, Message: Service networking is not active, ID: ops_service_down_1757745966
[2025-09-13 12:46:17] ALERT - Agent: programming, Type: service_down, Level: critical, Message: Service networking is not active, ID: programming_service_down_1757745977
[2025-09-13 12:46:18] ALERT - Agent: bestpractices, Type: service_down, Level: critical, Message: Service networking is not active, ID: bestpractices_service_down_1757745978
[2025-09-13 12:46:19] ALERT - Agent: verifier, Type: service_down, Level: critical, Message: Service networking is not active, ID: verifier_service_down_1757745979
[2025-09-13 12:46:20] ALERT - Agent: conversational, Type: service_down, Level: critical, Message: Service networking is not active, ID: conversational_service_down_1757745980
[2025-09-13 12:46:21] ALERT - Agent: ops, Type: service_down, Level: critical, Message: Service networking is not active, ID: ops_service_down_1757745981
[2025-09-13 12:46:32] ALERT - Agent: programming, Type: service_down, Level: critical, Message: Service networking is not active, ID: programming_service_down_1757745992
[2025-09-13 12:46:33] ALERT - Agent: bestpractices, Type: service_down, Level: critical, Message: Service networking is not active, ID: bestpractices_service_down_1757745993
[2025-09-13 12:46:34] ALERT - Agent: verifier, Type: service_down, Level: critical, Message: Service networking is not active, ID: verifier_service_down_1757745994
[2025-09-13 12:46:35] ALERT - Agent: conversational, Type: service_down, Level: critical, Message: Service networking is not active, ID: conversational_service_down_1757745995
[2025-09-13 12:46:36] ALERT - Agent: ops, Type: service_down, Level: critical, Message: Service networking is not active, ID: ops_service_down_1757745996
[2025-09-13 12:46:48] ALERT - Agent: programming, Type: service_down, Level: critical, Message: Service networking is not active, ID: programming_service_down_1757746008
[2025-09-13 12:46:49] ALERT - Agent: bestpractices, Type: service_down, Level: critical, Message: Service networking is not active, ID: bestpractices_service_down_1757746009
[2025-09-13 12:46:50] ALERT - Agent: verifier, Type: service_down, Level: critical, Message: Service networking is not active, ID: verifier_service_down_1757746010
[2025-09-13 12:46:51] ALERT - Agent: conversational, Type: service_down, Level: critical, Message: Service networking is not active, ID: conversational_service_down_1757746011
[2025-09-13 12:46:52] ALERT - Agent: ops, Type: service_down, Level: critical, Message: Service networking is not active, ID: ops_service_down_1757746012
[2025-09-13 12:47:03] ALERT - Agent: programming, Type: service_down, Level: critical, Message: Service networking is not active, ID: programming_service_down_1757746023
[2025-09-13 12:47:04] ALERT - Agent: bestpractices, Type: service_down, Level: critical, Message: Service networking is not active, ID: bestpractices_service_down_1757746024
[2025-09-13 12:47:05] ALERT - Agent: verifier, Type: service_down, Level: critical, Message: Service networking is not active, ID: verifier_service_down_1757746025
[2025-09-13 12:47:06] ALERT - Agent: conversational, Type: service_down, Level: critical, Message: Service networking is not active, ID: conversational_service_down_1757746026
[2025-09-13 12:47:08] ALERT - Agent: ops, Type: service_down, Level: critical, Message: Service networking is not active, ID: ops_service_down_1757746028
[2025-09-13 12:47:19] ALERT - Agent: programming, Type: service_down, Level: critical, Message: Service networking is not active, ID: programming_service_down_1757746039
[2025-09-13 12:47:20] ALERT - Agent: bestpractices, Type: service_down, Level: critical, Message: Service networking is not active, ID: bestpractices_service_down_1757746040
[2025-09-13 12:47:21] ALERT - Agent: verifier, Type: service_down, Level: critical, Message: Service networking is not active, ID: verifier_service_down_1757746041
[2025-09-13 12:47:22] ALERT - Agent: conversational, Type: service_down, Level: critical, Message: Service networking is not active, ID: conversational_service_down_1757746042
[2025-09-13 12:47:23] ALERT - Agent: ops, Type: service_down, Level: critical, Message: Service networking is not active, ID: ops_service_down_1757746043
[2025-09-13 12:47:34] ALERT - Agent: programming, Type: service_down, Level: critical, Message: Service systemd-resolved is not active, ID: programming_service_down_1757746054
[2025-09-13 12:47:34] ALERT - Agent: programming, Type: service_down, Level: critical, Message: Service networking is not active, ID: programming_service_down_1757746054
[2025-09-13 12:47:35] ALERT - Agent: bestpractices, Type: service_down, Level: critical, Message: Service networking is not active, ID: bestpractices_service_down_1757746055
[2025-09-13 12:47:36] ALERT - Agent: verifier, Type: service_down, Level: critical, Message: Service networking is not active, ID: verifier_service_down_1757746056
[2025-09-13 12:47:38] ALERT - Agent: conversational, Type: service_down, Level: critical, Message: Service networking is not active, ID: conversational_service_down_1757746058
[2025-09-13 12:47:39] ALERT - Agent: ops, Type: service_down, Level: critical, Message: Service networking is not active, ID: ops_service_down_1757746059
[2025-09-13 12:47:50] ALERT - Agent: programming, Type: service_down, Level: critical, Message: Service networking is not active, ID: programming_service_down_1757746070
[2025-09-13 12:47:51] ALERT - Agent: bestpractices, Type: service_down, Level: critical, Message: Service networking is not active, ID: bestpractices_service_down_1757746071
[2025-09-13 12:47:52] ALERT - Agent: verifier, Type: service_down, Level: critical, Message: Service networking is not active, ID: verifier_service_down_1757746072
[2025-09-13 12:47:53] ALERT - Agent: conversational, Type: service_down, Level: critical, Message: Service networking is not active, ID: conversational_service_down_1757746073
[2025-09-13 12:47:54] ALERT - Agent: ops, Type: service_down, Level: critical, Message: Service networking is not active, ID: ops_service_down_1757746074
[2025-09-13 12:48:05] ALERT - Agent: programming, Type: service_down, Level: critical, Message: Service networking is not active, ID: programming_service_down_1757746085
[2025-09-13 12:48:06] ALERT - Agent: bestpractices, Type: service_down, Level: critical, Message: Service networking is not active, ID: bestpractices_service_down_1757746086
[2025-09-13 12:48:07] ALERT - Agent: verifier, Type: service_down, Level: critical, Message: Service networking is not active, ID: verifier_service_down_1757746087
[2025-09-13 12:48:08] ALERT - Agent: conversational, Type: service_down, Level: critical, Message: Service networking is not active, ID: conversational_service_down_1757746088
[2025-09-13 12:48:10] ALERT - Agent: ops, Type: service_down, Level: critical, Message: Service networking is not active, ID: ops_service_down_1757746090
[2025-09-13 12:48:21] ALERT - Agent: programming, Type: service_down, Level: critical, Message: Service networking is not active, ID: programming_service_down_1757746101
[2025-09-13 12:48:22] ALERT - Agent: bestpractices, Type: service_down, Level: critical, Message: Service networking is not active, ID: bestpractices_service_down_1757746102
[2025-09-13 12:48:23] ALERT - Agent: verifier, Type: service_down, Level: critical, Message: Service networking is not active, ID: verifier_service_down_1757746103
[2025-09-13 12:48:24] ALERT - Agent: conversational, Type: service_down, Level: critical, Message: Service networking is not active, ID: conversational_service_down_1757746104
[2025-09-13 12:48:25] ALERT - Agent: ops, Type: service_down, Level: critical, Message: Service networking is not active, ID: ops_service_down_1757746105
[2025-09-13 12:48:36] ALERT - Agent: programming, Type: service_down, Level: critical, Message: Service networking is not active, ID: programming_service_down_1757746116
[2025-09-13 12:48:37] ALERT - Agent: bestpractices, Type: service_down, Level: critical, Message: Service networking is not active, ID: bestpractices_service_down_1757746117
[2025-09-13 12:48:38] ALERT - Agent: verifier, Type: service_down, Level: critical, Message: Service networking is not active, ID: verifier_service_down_1757746118
[2025-09-13 12:48:39] ALERT - Agent: conversational, Type: service_down, Level: critical, Message: Service networking is not active, ID: conversational_service_down_1757746119
[2025-09-13 12:48:41] ALERT - Agent: ops, Type: service_down, Level: critical, Message: Service networking is not active, ID: ops_service_down_1757746121
[2025-09-13 12:48:52] ALERT - Agent: programming, Type: service_down, Level: critical, Message: Service networking is not active, ID: programming_service_down_1757746132
[2025-09-13 12:48:53] ALERT - Agent: bestpractices, Type: service_down, Level: critical, Message: Service networking is not active, ID: bestpractices_service_down_1757746133
[2025-09-13 12:48:54] ALERT - Agent: verifier, Type: service_down, Level: critical, Message: Service networking is not active, ID: verifier_service_down_1757746134
[2025-09-13 12:48:55] ALERT - Agent: conversational, Type: service_down, Level: critical, Message: Service networking is not active, ID: conversational_service_down_1757746135
[2025-09-13 12:48:56] ALERT - Agent: ops, Type: service_down, Level: critical, Message: Service networking is not active, ID: ops_service_down_1757746136
[2025-09-13 12:49:07] ALERT - Agent: programming, Type: service_down, Level: critical, Message: Service networking is not active, ID: programming_service_down_1757746147
[2025-09-13 12:49:08] ALERT - Agent: bestpractices, Type: service_down, Level: critical, Message: Service networking is not active, ID: bestpractices_service_down_1757746148
[2025-09-13 12:49:09] ALERT - Agent: verifier, Type: service_down, Level: critical, Message: Service networking is not active, ID: verifier_service_down_1757746149
[2025-09-13 12:49:10] ALERT - Agent: conversational, Type: service_down, Level: critical, Message: Service networking is not active, ID: conversational_service_down_1757746150
[2025-09-13 12:49:12] ALERT - Agent: ops, Type: service_down, Level: critical, Message: Service networking is not active, ID: ops_service_down_1757746152
[2025-09-13 12:49:23] ALERT - Agent: programming, Type: service_down, Level: critical, Message: Service networking is not active, ID: programming_service_down_1757746163
[2025-09-13 12:49:24] ALERT - Agent: bestpractices, Type: service_down, Level: critical, Message: Service networking is not active, ID: bestpractices_service_down_1757746164
[2025-09-13 12:49:25] ALERT - Agent: verifier, Type: service_down, Level: critical, Message: Service networking is not active, ID: verifier_service_down_1757746165
[2025-09-13 12:49:26] ALERT - Agent: conversational, Type: service_down, Level: critical, Message: Service networking is not active, ID: conversational_service_down_1757746166
[2025-09-13 12:49:27] ALERT - Agent: ops, Type: service_down, Level: critical, Message: Service networking is not active, ID: ops_service_down_1757746167
[2025-09-13 12:49:38] ALERT - Agent: programming, Type: service_down, Level: critical, Message: Service networking is not active, ID: programming_service_down_1757746178
[2025-09-13 12:49:39] ALERT - Agent: bestpractices, Type: service_down, Level: critical, Message: Service networking is not active, ID: bestpractices_service_down_1757746179
[2025-09-13 12:49:40] ALERT - Agent: verifier, Type: service_down, Level: critical, Message: Service networking is not active, ID: verifier_service_down_1757746180
[2025-09-13 12:49:41] ALERT - Agent: conversational, Type: service_down, Level: critical, Message: Service networking is not active, ID: conversational_service_down_1757746181
[2025-09-13 12:49:43] ALERT - Agent: ops, Type: service_down, Level: critical, Message: Service networking is not active, ID: ops_service_down_1757746183
[2025-09-13 12:49:54] ALERT - Agent: programming, Type: service_down, Level: critical, Message: Service networking is not active, ID: programming_service_down_1757746194
[2025-09-13 12:49:55] ALERT - Agent: bestpractices, Type: service_down, Level: critical, Message: Service networking is not active, ID: bestpractices_service_down_1757746195
[2025-09-13 12:49:56] ALERT - Agent: verifier, Type: service_down, Level: critical, Message: Service networking is not active, ID: verifier_service_down_1757746196
[2025-09-13 12:49:57] ALERT - Agent: conversational, Type: service_down, Level: critical, Message: Service networking is not active, ID: conversational_service_down_1757746197
[2025-09-13 12:49:58] ALERT - Agent: ops, Type: service_down, Level: critical, Message: Service networking is not active, ID: ops_service_down_1757746198
[2025-09-13 12:50:09] ALERT - Agent: programming, Type: service_down, Level: critical, Message: Service networking is not active, ID: programming_service_down_1757746209
[2025-09-13 12:50:10] ALERT - Agent: bestpractices, Type: service_down, Level: critical, Message: Service networking is not active, ID: bestpractices_service_down_1757746210
[2025-09-13 12:50:11] ALERT - Agent: verifier, Type: service_down, Level: critical, Message: Service networking is not active, ID: verifier_service_down_1757746211
[2025-09-13 12:50:13] ALERT - Agent: conversational, Type: service_down, Level: critical, Message: Service networking is not active, ID: conversational_service_down_1757746213
[2025-09-13 12:50:14] ALERT - Agent: ops, Type: service_down, Level: critical, Message: Service networking is not active, ID: ops_service_down_1757746214
[2025-09-13 12:50:25] ALERT - Agent: programming, Type: service_down, Level: critical, Message: Service networking is not active, ID: programming_service_down_1757746225
[2025-09-13 12:50:26] ALERT - Agent: bestpractices, Type: service_down, Level: critical, Message: Service networking is not active, ID: bestpractices_service_down_1757746226
[2025-09-13 12:50:27] ALERT - Agent: verifier, Type: service_down, Level: critical, Message: Service networking is not active, ID: verifier_service_down_1757746227
[2025-09-13 12:50:28] ALERT - Agent: conversational, Type: service_down, Level: critical, Message: Service networking is not active, ID: conversational_service_down_1757746228
[2025-09-13 12:50:29] ALERT - Agent: ops, Type: service_down, Level: critical, Message: Service networking is not active, ID: ops_service_down_1757746229
[2025-09-13 12:50:40] ALERT - Agent: programming, Type: service_down, Level: critical, Message: Service networking is not active, ID: programming_service_down_1757746240
[2025-09-13 12:50:42] ALERT - Agent: bestpractices, Type: service_down, Level: critical, Message: Service networking is not active, ID: bestpractices_service_down_1757746242
[2025-09-13 12:50:43] ALERT - Agent: verifier, Type: service_down, Level: critical, Message: Service networking is not active, ID: verifier_service_down_1757746243
[2025-09-13 12:50:44] ALERT - Agent: conversational, Type: service_down, Level: critical, Message: Service networking is not active, ID: conversational_service_down_1757746244
[2025-09-13 12:50:45] ALERT - Agent: ops, Type: service_down, Level: critical, Message: Service networking is not active, ID: ops_service_down_1757746245
[2025-09-13 12:50:56] ALERT - Agent: programming, Type: service_down, Level: critical, Message: Service networking is not active, ID: programming_service_down_1757746256
[2025-09-13 12:50:57] ALERT - Agent: bestpractices, Type: service_down, Level: critical, Message: Service networking is not active, ID: bestpractices_service_down_1757746257
[2025-09-13 12:50:58] ALERT - Agent: verifier, Type: service_down, Level: critical, Message: Service networking is not active, ID: verifier_service_down_1757746258
[2025-09-13 12:50:59] ALERT - Agent: conversational, Type: service_down, Level: critical, Message: Service systemd-resolved is not active, ID: conversational_service_down_1757746259
[2025-09-13 12:50:59] ALERT - Agent: conversational, Type: service_down, Level: critical, Message: Service networking is not active, ID: conversational_service_down_1757746259
[2025-09-13 12:51:00] ALERT - Agent: ops, Type: service_down, Level: critical, Message: Service networking is not active, ID: ops_service_down_1757746260
[2025-09-13 12:51:12] ALERT - Agent: programming, Type: service_down, Level: critical, Message: Service networking is not active, ID: programming_service_down_1757746271
[2025-09-13 12:51:13] ALERT - Agent: bestpractices, Type: service_down, Level: critical, Message: Service networking is not active, ID: bestpractices_service_down_1757746273
[2025-09-13 12:51:14] ALERT - Agent: verifier, Type: service_down, Level: critical, Message: Service networking is not active, ID: verifier_service_down_1757746274
[2025-09-13 12:51:15] ALERT - Agent: conversational, Type: service_down, Level: critical, Message: Service networking is not active, ID: conversational_service_down_1757746275
[2025-09-13 12:51:16] ALERT - Agent: ops, Type: service_down, Level: critical, Message: Service networking is not active, ID: ops_service_down_1757746276
[2025-09-13 12:51:27] ALERT - Agent: programming, Type: service_down, Level: critical, Message: Service networking is not active, ID: programming_service_down_1757746287
[2025-09-13 12:51:28] ALERT - Agent: bestpractices, Type: service_down, Level: critical, Message: Service networking is not active, ID: bestpractices_service_down_1757746288
[2025-09-13 12:51:29] ALERT - Agent: verifier, Type: service_down, Level: critical, Message: Service networking is not active, ID: verifier_service_down_1757746289
[2025-09-13 12:51:30] ALERT - Agent: conversational, Type: service_down, Level: critical, Message: Service networking is not active, ID: conversational_service_down_1757746290
[2025-09-13 12:51:32] ALERT - Agent: ops, Type: service_down, Level: critical, Message: Service networking is not active, ID: ops_service_down_1757746292
[2025-09-13 12:51:43] ALERT - Agent: programming, Type: service_down, Level: critical, Message: Service networking is not active, ID: programming_service_down_1757746303
[2025-09-13 12:51:44] ALERT - Agent: bestpractices, Type: service_down, Level: critical, Message: Service networking is not active, ID: bestpractices_service_down_1757746304
[2025-09-13 12:51:45] ALERT - Agent: verifier, Type: service_down, Level: critical, Message: Service networking is not active, ID: verifier_service_down_1757746305
[2025-09-13 12:51:46] ALERT - Agent: conversational, Type: service_down, Level: critical, Message: Service networking is not active, ID: conversational_service_down_1757746306
[2025-09-13 12:51:47] ALERT - Agent: ops, Type: service_down, Level: critical, Message: Service networking is not active, ID: ops_service_down_1757746307
[2025-09-13 12:51:58] ALERT - Agent: programming, Type: service_down, Level: critical, Message: Service networking is not active, ID: programming_service_down_1757746318
[2025-09-13 12:52:00] ALERT - Agent: bestpractices, Type: service_down, Level: critical, Message: Service networking is not active, ID: bestpractices_service_down_1757746320
[2025-09-13 12:52:01] ALERT - Agent: verifier, Type: service_down, Level: critical, Message: Service networking is not active, ID: verifier_service_down_1757746321
[2025-09-13 12:52:02] ALERT - Agent: conversational, Type: service_down, Level: critical, Message: Service networking is not active, ID: conversational_service_down_1757746322
[2025-09-13 12:52:03] ALERT - Agent: ops, Type: service_down, Level: critical, Message: Service networking is not active, ID: ops_service_down_1757746323
[2025-09-13 12:52:14] ALERT - Agent: programming, Type: service_down, Level: critical, Message: Service networking is not active, ID: programming_service_down_1757746334
[2025-09-13 12:52:15] ALERT - Agent: bestpractices, Type: service_down, Level: critical, Message: Service networking is not active, ID: bestpractices_service_down_1757746335
[2025-09-13 12:52:16] ALERT - Agent: verifier, Type: service_down, Level: critical, Message: Service networking is not active, ID: verifier_service_down_1757746336
[2025-09-13 12:52:17] ALERT - Agent: conversational, Type: service_down, Level: critical, Message: Service networking is not active, ID: conversational_service_down_1757746337
[2025-09-13 12:52:19] ALERT - Agent: ops, Type: service_down, Level: critical, Message: Service networking is not active, ID: ops_service_down_1757746339
[2025-09-13 12:52:30] ALERT - Agent: programming, Type: service_down, Level: critical, Message: Service networking is not active, ID: programming_service_down_1757746350
[2025-09-13 12:52:31] ALERT - Agent: bestpractices, Type: service_down, Level: critical, Message: Service networking is not active, ID: bestpractices_service_down_1757746351
[2025-09-13 12:52:32] ALERT - Agent: verifier, Type: service_down, Level: critical, Message: Service networking is not active, ID: verifier_service_down_1757746352
[2025-09-13 12:52:33] ALERT - Agent: conversational, Type: service_down, Level: critical, Message: Service networking is not active, ID: conversational_service_down_1757746353
[2025-09-13 12:52:34] ALERT - Agent: ops, Type: service_down, Level: critical, Message: Service networking is not active, ID: ops_service_down_1757746354
[2025-09-13 12:52:45] ALERT - Agent: programming, Type: service_down, Level: critical, Message: Service networking is not active, ID: programming_service_down_1757746365
[2025-09-13 12:52:47] ALERT - Agent: bestpractices, Type: service_down, Level: critical, Message: Service networking is not active, ID: bestpractices_service_down_1757746367
[2025-09-13 12:52:48] ALERT - Agent: verifier, Type: high_cpu_usage, Level: warning, Message: High CPU usage detected: 87.1%, ID: verifier_high_cpu_usage_1757746368
[2025-09-13 12:52:48] ALERT - Agent: verifier, Type: service_down, Level: critical, Message: Service networking is not active, ID: verifier_service_down_1757746368
[2025-09-13 12:52:49] ALERT - Agent: conversational, Type: service_down, Level: critical, Message: Service networking is not active, ID: conversational_service_down_1757746369
[2025-09-13 12:52:50] ALERT - Agent: ops, Type: service_down, Level: critical, Message: Service networking is not active, ID: ops_service_down_1757746370
[2025-09-13 12:53:02] ALERT - Agent: programming, Type: service_down, Level: critical, Message: Service networking is not active, ID: programming_service_down_1757746382
[2025-09-13 12:53:03] ALERT - Agent: bestpractices, Type: service_down, Level: critical, Message: Service networking is not active, ID: bestpractices_service_down_1757746383
[2025-09-13 12:53:04] ALERT - Agent: verifier, Type: service_down, Level: critical, Message: Service networking is not active, ID: verifier_service_down_1757746384
[2025-09-13 12:53:05] ALERT - Agent: conversational, Type: service_down, Level: critical, Message: Service networking is not active, ID: conversational_service_down_1757746385
[2025-09-13 12:53:06] ALERT - Agent: ops, Type: service_down, Level: critical, Message: Service networking is not active, ID: ops_service_down_1757746386
[2025-09-13 12:53:17] ALERT - Agent: programming, Type: service_down, Level: critical, Message: Service networking is not active, ID: programming_service_down_1757746397
[2025-09-13 12:53:18] ALERT - Agent: bestpractices, Type: service_down, Level: critical, Message: Service networking is not active, ID: bestpractices_service_down_1757746398
[2025-09-13 12:53:20] ALERT - Agent: verifier, Type: service_down, Level: critical, Message: Service networking is not active, ID: verifier_service_down_1757746400
[2025-09-13 12:53:21] ALERT - Agent: conversational, Type: service_down, Level: critical, Message: Service networking is not active, ID: conversational_service_down_1757746401
[2025-09-13 12:53:22] ALERT - Agent: ops, Type: high_cpu_usage, Level: warning, Message: High CPU usage detected: 91.4%, ID: ops_high_cpu_usage_1757746402
[2025-09-13 12:53:22] ALERT - Agent: ops, Type: service_down, Level: critical, Message: Service networking is not active, ID: ops_service_down_1757746402
[2025-09-13 12:53:33] ALERT - Agent: programming, Type: service_down, Level: critical, Message: Service networking is not active, ID: programming_service_down_1757746413
[2025-09-13 12:53:34] ALERT - Agent: bestpractices, Type: service_down, Level: critical, Message: Service networking is not active, ID: bestpractices_service_down_1757746414
[2025-09-13 12:53:35] ALERT - Agent: verifier, Type: service_down, Level: critical, Message: Service networking is not active, ID: verifier_service_down_1757746415
[2025-09-13 12:53:36] ALERT - Agent: conversational, Type: service_down, Level: critical, Message: Service networking is not active, ID: conversational_service_down_1757746416
[2025-09-13 12:53:37] ALERT - Agent: ops, Type: service_down, Level: critical, Message: Service networking is not active, ID: ops_service_down_1757746417
[2025-09-13 12:53:48] ALERT - Agent: programming, Type: service_down, Level: critical, Message: Service networking is not active, ID: programming_service_down_1757746428
[2025-09-13 12:53:50] ALERT - Agent: bestpractices, Type: service_down, Level: critical, Message: Service networking is not active, ID: bestpractices_service_down_1757746430
[2025-09-13 12:53:51] ALERT - Agent: verifier, Type: service_down, Level: critical, Message: Service networking is not active, ID: verifier_service_down_1757746431
[2025-09-13 12:53:52] ALERT - Agent: conversational, Type: service_down, Level: critical, Message: Service networking is not active, ID: conversational_service_down_1757746432
[2025-09-13 12:53:53] ALERT - Agent: ops, Type: service_down, Level: critical, Message: Service networking is not active, ID: ops_service_down_1757746433
[2025-09-13 12:54:04] ALERT - Agent: programming, Type: service_down, Level: critical, Message: Service networking is not active, ID: programming_service_down_1757746444
[2025-09-13 12:54:05] ALERT - Agent: bestpractices, Type: service_down, Level: critical, Message: Service networking is not active, ID: bestpractices_service_down_1757746445
[2025-09-13 12:54:06] ALERT - Agent: verifier, Type: service_down, Level: critical, Message: Service networking is not active, ID: verifier_service_down_1757746446
[2025-09-13 12:54:07] ALERT - Agent: conversational, Type: service_down, Level: critical, Message: Service networking is not active, ID: conversational_service_down_1757746447
[2025-09-13 12:54:08] ALERT - Agent: ops, Type: service_down, Level: critical, Message: Service networking is not active, ID: ops_service_down_1757746448
[2025-09-13 12:54:20] ALERT - Agent: programming, Type: service_down, Level: critical, Message: Service networking is not active, ID: programming_service_down_1757746460
[2025-09-13 12:54:21] ALERT - Agent: bestpractices, Type: service_down, Level: critical, Message: Service networking is not active, ID: bestpractices_service_down_1757746461
[2025-09-13 12:54:22] ALERT - Agent: verifier, Type: service_down, Level: critical, Message: Service networking is not active, ID: verifier_service_down_1757746462
[2025-09-13 12:54:23] ALERT - Agent: conversational, Type: service_down, Level: critical, Message: Service networking is not active, ID: conversational_service_down_1757746463
[2025-09-13 12:54:24] ALERT - Agent: ops, Type: service_down, Level: critical, Message: Service networking is not active, ID: ops_service_down_1757746464
[2025-09-13 12:54:35] ALERT - Agent: programming, Type: service_down, Level: critical, Message: Service networking is not active, ID: programming_service_down_1757746475
[2025-09-13 12:54:37] ALERT - Agent: bestpractices, Type: service_down, Level: critical, Message: Service networking is not active, ID: bestpractices_service_down_1757746477
[2025-09-13 12:54:38] ALERT - Agent: verifier, Type: service_down, Level: critical, Message: Service networking is not active, ID: verifier_service_down_1757746478
[2025-09-13 12:54:39] ALERT - Agent: conversational, Type: service_down, Level: critical, Message: Service networking is not active, ID: conversational_service_down_1757746479
[2025-09-13 12:54:40] ALERT - Agent: ops, Type: service_down, Level: critical, Message: Service networking is not active, ID: ops_service_down_1757746480
[2025-09-13 12:54:51] ALERT - Agent: programming, Type: service_down, Level: critical, Message: Service networking is not active, ID: programming_service_down_1757746491
[2025-09-13 12:54:52] ALERT - Agent: bestpractices, Type: service_down, Level: critical, Message: Service networking is not active, ID: bestpractices_service_down_1757746492
[2025-09-13 12:54:53] ALERT - Agent: verifier, Type: service_down, Level: critical, Message: Service networking is not active, ID: verifier_service_down_1757746493
[2025-09-13 12:54:54] ALERT - Agent: conversational, Type: service_down, Level: critical, Message: Service networking is not active, ID: conversational_service_down_1757746494
[2025-09-13 12:54:55] ALERT - Agent: ops, Type: service_down, Level: critical, Message: Service networking is not active, ID: ops_service_down_1757746495
[2025-09-13 12:55:07] ALERT - Agent: programming, Type: service_down, Level: critical, Message: Service networking is not active, ID: programming_service_down_1757746507
[2025-09-13 12:55:08] ALERT - Agent: bestpractices, Type: service_down, Level: critical, Message: Service networking is not active, ID: bestpractices_service_down_1757746508
[2025-09-13 12:55:09] ALERT - Agent: verifier, Type: service_down, Level: critical, Message: Service networking is not active, ID: verifier_service_down_1757746509
[2025-09-13 12:55:10] ALERT - Agent: conversational, Type: service_down, Level: critical, Message: Service networking is not active, ID: conversational_service_down_1757746510
[2025-09-13 12:55:11] ALERT - Agent: ops, Type: service_down, Level: critical, Message: Service networking is not active, ID: ops_service_down_1757746511
[2025-09-13 12:55:22] ALERT - Agent: programming, Type: service_down, Level: critical, Message: Service networking is not active, ID: programming_service_down_1757746522
[2025-09-13 12:55:23] ALERT - Agent: bestpractices, Type: service_down, Level: critical, Message: Service networking is not active, ID: bestpractices_service_down_1757746523
[2025-09-13 12:55:24] ALERT - Agent: verifier, Type: service_down, Level: critical, Message: Service networking is not active, ID: verifier_service_down_1757746524
[2025-09-13 12:55:25] ALERT - Agent: conversational, Type: service_down, Level: critical, Message: Service networking is not active, ID: conversational_service_down_1757746525
[2025-09-13 12:55:26] ALERT - Agent: ops, Type: service_down, Level: critical, Message: Service networking is not active, ID: ops_service_down_1757746526
[2025-09-13 12:55:38] ALERT - Agent: programming, Type: service_down, Level: critical, Message: Service networking is not active, ID: programming_service_down_1757746538
[2025-09-13 12:55:39] ALERT - Agent: bestpractices, Type: service_down, Level: critical, Message: Service networking is not active, ID: bestpractices_service_down_1757746539
[2025-09-13 12:55:40] ALERT - Agent: verifier, Type: service_down, Level: critical, Message: Service networking is not active, ID: verifier_service_down_1757746540
[2025-09-13 12:55:41] ALERT - Agent: conversational, Type: service_down, Level: critical, Message: Service networking is not active, ID: conversational_service_down_1757746541
[2025-09-13 12:55:42] ALERT - Agent: ops, Type: service_down, Level: critical, Message: Service networking is not active, ID: ops_service_down_1757746542
[2025-09-13 12:55:53] ALERT - Agent: programming, Type: service_down, Level: critical, Message: Service networking is not active, ID: programming_service_down_1757746553
[2025-09-13 12:55:54] ALERT - Agent: bestpractices, Type: service_down, Level: critical, Message: Service networking is not active, ID: bestpractices_service_down_1757746554
[2025-09-13 12:55:55] ALERT - Agent: verifier, Type: service_down, Level: critical, Message: Service networking is not active, ID: verifier_service_down_1757746555
[2025-09-13 12:55:56] ALERT - Agent: conversational, Type: service_down, Level: critical, Message: Service networking is not active, ID: conversational_service_down_1757746556
[2025-09-13 12:55:57] ALERT - Agent: ops, Type: service_down, Level: critical, Message: Service networking is not active, ID: ops_service_down_1757746557
[2025-09-13 12:56:09] ALERT - Agent: programming, Type: service_down, Level: critical, Message: Service networking is not active, ID: programming_service_down_1757746569
[2025-09-13 12:56:10] ALERT - Agent: bestpractices, Type: service_down, Level: critical, Message: Service networking is not active, ID: bestpractices_service_down_1757746570
[2025-09-13 12:56:11] ALERT - Agent: verifier, Type: service_down, Level: critical, Message: Service networking is not active, ID: verifier_service_down_1757746571
[2025-09-13 12:56:12] ALERT - Agent: conversational, Type: service_down, Level: critical, Message: Service networking is not active, ID: conversational_service_down_1757746572
[2025-09-13 12:56:13] ALERT - Agent: ops, Type: service_down, Level: critical, Message: Service networking is not active, ID: ops_service_down_1757746573
[2025-09-13 12:56:24] ALERT - Agent: programming, Type: service_down, Level: critical, Message: Service networking is not active, ID: programming_service_down_1757746584
[2025-09-13 12:56:25] ALERT - Agent: bestpractices, Type: service_down, Level: critical, Message: Service networking is not active, ID: bestpractices_service_down_1757746585
[2025-09-13 12:56:26] ALERT - Agent: verifier, Type: service_down, Level: critical, Message: Service networking is not active, ID: verifier_service_down_1757746586
[2025-09-13 12:56:28] ALERT - Agent: conversational, Type: service_down, Level: critical, Message: Service networking is not active, ID: conversational_service_down_1757746587
[2025-09-13 12:56:29] ALERT - Agent: ops, Type: service_down, Level: critical, Message: Service networking is not active, ID: ops_service_down_1757746589
[2025-09-13 12:56:40] ALERT - Agent: programming, Type: service_down, Level: critical, Message: Service networking is not active, ID: programming_service_down_1757746600
[2025-09-13 12:56:41] ALERT - Agent: bestpractices, Type: service_down, Level: critical, Message: Service networking is not active, ID: bestpractices_service_down_1757746601
[2025-09-13 12:56:42] ALERT - Agent: verifier, Type: service_down, Level: critical, Message: Service networking is not active, ID: verifier_service_down_1757746602
[2025-09-13 12:56:43] ALERT - Agent: conversational, Type: service_down, Level: critical, Message: Service networking is not active, ID: conversational_service_down_1757746603
[2025-09-13 12:56:44] ALERT - Agent: ops, Type: service_down, Level: critical, Message: Service networking is not active, ID: ops_service_down_1757746604
[2025-09-13 12:56:55] ALERT - Agent: programming, Type: service_down, Level: critical, Message: Service networking is not active, ID: programming_service_down_1757746615
[2025-09-13 12:56:56] ALERT - Agent: bestpractices, Type: service_down, Level: critical, Message: Service networking is not active, ID: bestpractices_service_down_1757746616
[2025-09-13 12:56:57] ALERT - Agent: verifier, Type: service_down, Level: critical, Message: Service networking is not active, ID: verifier_service_down_1757746617
[2025-09-13 12:56:58] ALERT - Agent: conversational, Type: service_down, Level: critical, Message: Service networking is not active, ID: conversational_service_down_1757746618
[2025-09-13 12:57:00] ALERT - Agent: ops, Type: service_down, Level: critical, Message: Service networking is not active, ID: ops_service_down_1757746620
[2025-09-13 12:57:11] ALERT - Agent: programming, Type: service_down, Level: critical, Message: Service networking is not active, ID: programming_service_down_1757746631
[2025-09-13 12:57:12] ALERT - Agent: bestpractices, Type: service_down, Level: critical, Message: Service networking is not active, ID: bestpractices_service_down_1757746632
[2025-09-13 12:57:13] ALERT - Agent: verifier, Type: service_down, Level: critical, Message: Service networking is not active, ID: verifier_service_down_1757746633
[2025-09-13 12:57:14] ALERT - Agent: conversational, Type: service_down, Level: critical, Message: Service networking is not active, ID: conversational_service_down_1757746634
[2025-09-13 12:57:15] ALERT - Agent: ops, Type: service_down, Level: critical, Message: Service networking is not active, ID: ops_service_down_1757746635
[2025-09-13 12:57:26] ALERT - Agent: programming, Type: service_down, Level: critical, Message: Service networking is not active, ID: programming_service_down_1757746646
[2025-09-13 12:57:27] ALERT - Agent: bestpractices, Type: service_down, Level: critical, Message: Service networking is not active, ID: bestpractices_service_down_1757746647
[2025-09-13 12:57:28] ALERT - Agent: verifier, Type: service_down, Level: critical, Message: Service networking is not active, ID: verifier_service_down_1757746648
[2025-09-13 12:57:29] ALERT - Agent: conversational, Type: service_down, Level: critical, Message: Service networking is not active, ID: conversational_service_down_1757746649
[2025-09-13 12:57:31] ALERT - Agent: ops, Type: service_down, Level: critical, Message: Service networking is not active, ID: ops_service_down_1757746651
[2025-09-13 12:57:42] ALERT - Agent: programming, Type: service_down, Level: critical, Message: Service networking is not active, ID: programming_service_down_1757746662
[2025-09-13 12:57:43] ALERT - Agent: bestpractices, Type: service_down, Level: critical, Message: Service networking is not active, ID: bestpractices_service_down_1757746663
[2025-09-13 12:57:44] ALERT - Agent: verifier, Type: service_down, Level: critical, Message: Service networking is not active, ID: verifier_service_down_1757746664
[2025-09-13 12:57:45] ALERT - Agent: conversational, Type: service_down, Level: critical, Message: Service networking is not active, ID: conversational_service_down_1757746665
[2025-09-13 12:57:46] ALERT - Agent: ops, Type: service_down, Level: critical, Message: Service networking is not active, ID: ops_service_down_1757746666
[2025-09-13 12:57:57] ALERT - Agent: programming, Type: service_down, Level: critical, Message: Service networking is not active, ID: programming_service_down_1757746677
[2025-09-13 12:57:58] ALERT - Agent: bestpractices, Type: service_down, Level: critical, Message: Service networking is not active, ID: bestpractices_service_down_1757746678
[2025-09-13 12:57:59] ALERT - Agent: verifier, Type: service_down, Level: critical, Message: Service networking is not active, ID: verifier_service_down_1757746679
[2025-09-13 12:58:00] ALERT - Agent: conversational, Type: service_down, Level: critical, Message: Service networking is not active, ID: conversational_service_down_1757746680
[2025-09-13 12:58:02] ALERT - Agent: ops, Type: service_down, Level: critical, Message: Service networking is not active, ID: ops_service_down_1757746682
[2025-09-13 12:58:13] ALERT - Agent: programming, Type: service_down, Level: critical, Message: Service networking is not active, ID: programming_service_down_1757746693
[2025-09-13 12:58:14] ALERT - Agent: bestpractices, Type: service_down, Level: critical, Message: Service networking is not active, ID: bestpractices_service_down_1757746694
[2025-09-13 12:58:15] ALERT - Agent: verifier, Type: service_down, Level: critical, Message: Service networking is not active, ID: verifier_service_down_1757746695
[2025-09-13 12:58:16] ALERT - Agent: conversational, Type: service_down, Level: critical, Message: Service networking is not active, ID: conversational_service_down_1757746696
[2025-09-13 12:58:17] ALERT - Agent: ops, Type: service_down, Level: critical, Message: Service networking is not active, ID: ops_service_down_1757746697
[2025-09-13 12:58:28] ALERT - Agent: programming, Type: service_down, Level: critical, Message: Service networking is not active, ID: programming_service_down_1757746708
[2025-09-13 12:58:29] ALERT - Agent: bestpractices, Type: service_down, Level: critical, Message: Service networking is not active, ID: bestpractices_service_down_1757746709
[2025-09-13 12:58:30] ALERT - Agent: verifier, Type: service_down, Level: critical, Message: Service networking is not active, ID: verifier_service_down_1757746710
[2025-09-13 12:58:31] ALERT - Agent: conversational, Type: service_down, Level: critical, Message: Service networking is not active, ID: conversational_service_down_1757746711
[2025-09-13 12:58:33] ALERT - Agent: ops, Type: service_down, Level: critical, Message: Service networking is not active, ID: ops_service_down_1757746713
[2025-09-13 12:58:44] ALERT - Agent: programming, Type: service_down, Level: critical, Message: Service networking is not active, ID: programming_service_down_1757746724
[2025-09-13 12:58:45] ALERT - Agent: bestpractices, Type: service_down, Level: critical, Message: Service networking is not active, ID: bestpractices_service_down_1757746725
[2025-09-13 12:58:46] ALERT - Agent: verifier, Type: service_down, Level: critical, Message: Service networking is not active, ID: verifier_service_down_1757746726
[2025-09-13 12:58:47] ALERT - Agent: conversational, Type: service_down, Level: critical, Message: Service networking is not active, ID: conversational_service_down_1757746727
[2025-09-13 12:58:48] ALERT - Agent: ops, Type: service_down, Level: critical, Message: Service networking is not active, ID: ops_service_down_1757746728
[2025-09-13 12:58:59] ALERT - Agent: programming, Type: service_down, Level: critical, Message: Service networking is not active, ID: programming_service_down_1757746739
[2025-09-13 12:59:00] ALERT - Agent: bestpractices, Type: service_down, Level: critical, Message: Service networking is not active, ID: bestpractices_service_down_1757746740
[2025-09-13 12:59:01] ALERT - Agent: verifier, Type: service_down, Level: critical, Message: Service networking is not active, ID: verifier_service_down_1757746741
[2025-09-13 12:59:02] ALERT - Agent: conversational, Type: service_down, Level: critical, Message: Service networking is not active, ID: conversational_service_down_1757746742
[2025-09-13 12:59:04] ALERT - Agent: ops, Type: service_down, Level: critical, Message: Service networking is not active, ID: ops_service_down_1757746743
[2025-09-13 12:59:15] ALERT - Agent: programming, Type: service_down, Level: critical, Message: Service networking is not active, ID: programming_service_down_1757746755
[2025-09-13 12:59:16] ALERT - Agent: bestpractices, Type: service_down, Level: critical, Message: Service networking is not active, ID: bestpractices_service_down_1757746756
[2025-09-13 12:59:17] ALERT - Agent: verifier, Type: service_down, Level: critical, Message: Service networking is not active, ID: verifier_service_down_1757746757
[2025-09-13 12:59:18] ALERT - Agent: conversational, Type: service_down, Level: critical, Message: Service networking is not active, ID: conversational_service_down_1757746758
[2025-09-13 12:59:19] ALERT - Agent: ops, Type: service_down, Level: critical, Message: Service networking is not active, ID: ops_service_down_1757746759
[2025-09-13 12:59:30] ALERT - Agent: programming, Type: service_down, Level: critical, Message: Service networking is not active, ID: programming_service_down_1757746770
[2025-09-13 12:59:31] ALERT - Agent: bestpractices, Type: service_down, Level: critical, Message: Service networking is not active, ID: bestpractices_service_down_1757746771
[2025-09-13 12:59:32] ALERT - Agent: verifier, Type: service_down, Level: critical, Message: Service networking is not active, ID: verifier_service_down_1757746772
[2025-09-13 12:59:33] ALERT - Agent: conversational, Type: service_down, Level: critical, Message: Service networking is not active, ID: conversational_service_down_1757746773
[2025-09-13 12:59:35] ALERT - Agent: ops, Type: service_down, Level: critical, Message: Service networking is not active, ID: ops_service_down_1757746775
[2025-09-13 12:59:46] ALERT - Agent: programming, Type: service_down, Level: critical, Message: Service networking is not active, ID: programming_service_down_1757746786
[2025-09-13 12:59:47] ALERT - Agent: bestpractices, Type: service_down, Level: critical, Message: Service networking is not active, ID: bestpractices_service_down_1757746787
[2025-09-13 12:59:48] ALERT - Agent: verifier, Type: service_down, Level: critical, Message: Service networking is not active, ID: verifier_service_down_1757746788
[2025-09-13 12:59:49] ALERT - Agent: conversational, Type: service_down, Level: critical, Message: Service networking is not active, ID: conversational_service_down_1757746789
[2025-09-13 12:59:50] ALERT - Agent: ops, Type: service_down, Level: critical, Message: Service networking is not active, ID: ops_service_down_1757746790
[2025-09-13 13:00:01] ALERT - Agent: programming, Type: service_down, Level: critical, Message: Service networking is not active, ID: programming_service_down_1757746801
[2025-09-13 13:00:02] ALERT - Agent: bestpractices, Type: service_down, Level: critical, Message: Service networking is not active, ID: bestpractices_service_down_1757746802
[2025-09-13 13:00:03] ALERT - Agent: verifier, Type: service_down, Level: critical, Message: Service networking is not active, ID: verifier_service_down_1757746803
[2025-09-13 13:00:04] ALERT - Agent: conversational, Type: service_down, Level: critical, Message: Service networking is not active, ID: conversational_service_down_1757746804
[2025-09-13 13:00:06] ALERT - Agent: ops, Type: service_down, Level: critical, Message: Service networking is not active, ID: ops_service_down_1757746805
